2024-07-25 11:20:09,271 INFO werkzeug MainThread : [31m[1mWARNING: This is a development server. Do not use it in a production deployment. Use a production WSGI server instead.[0m
 * Running on http://127.0.0.1:5000
2024-07-25 11:20:09,271 INFO werkzeug MainThread : [33mPress CTRL+C to quit[0m
2024-07-25 11:20:09,273 INFO werkzeug MainThread :  * Restarting with stat
2024-07-25 11:20:09,382 WARNING werkzeug MainThread :  * Debugger is active!
2024-07-25 11:20:09,382 INFO werkzeug MainThread :  * Debugger PIN: 443-495-259
2024-07-25 11:21:18,956 INFO werkzeug MainThread :  * Detected change in '/home/baloyi/Desktop/document/Docufy/notice/app.py', reloading
2024-07-25 11:21:18,986 INFO werkzeug MainThread :  * Restarting with stat
2024-07-25 11:21:21,146 INFO werkzeug MainThread :  * Restarting with stat
2024-07-25 11:21:22,313 INFO werkzeug MainThread :  * Restarting with stat
2024-07-25 11:21:28,526 INFO werkzeug MainThread :  * Restarting with stat
2024-07-25 14:28:27,633 - WARNING -  * Debugger is active!
2024-07-25 14:28:27,634 - INFO -  * Debugger PIN: 137-837-014
2024-07-25 14:28:31,628 - WARNING -  * Debugger is active!
2024-07-25 14:28:31,628 - INFO -  * Debugger PIN: 137-837-014
2024-07-25 14:28:31,983 - WARNING -  * Debugger is active!
2024-07-25 14:28:31,983 - INFO -  * Debugger PIN: 137-837-014
2024-07-25 14:28:32,684 - WARNING -  * Debugger is active!
2024-07-25 14:28:32,684 - INFO -  * Debugger PIN: 137-837-014
2024-07-25 14:28:33,075 - WARNING -  * Debugger is active!
2024-07-25 14:28:33,075 - INFO -  * Debugger PIN: 137-837-014
2024-07-25 14:28:33,625 - WARNING -  * Debugger is active!
2024-07-25 14:28:33,626 - INFO -  * Debugger PIN: 137-837-014
2024-07-25 14:37:54,395 - INFO - [31m[1mWARNING: This is a development server. Do not use it in a production deployment. Use a production WSGI server instead.[0m
 * Running on http://127.0.0.1:5000
2024-07-25 14:37:54,395 - INFO - [33mPress CTRL+C to quit[0m
2024-07-25 14:37:54,400 - INFO -  * Restarting with stat
2024-07-25 14:37:54,665 - WARNING -  * Debugger is active!
2024-07-25 14:37:54,665 - INFO -  * Debugger PIN: 137-837-014
2024-07-25 14:39:02,876 - INFO - [31m[1mWARNING: This is a development server. Do not use it in a production deployment. Use a production WSGI server instead.[0m
 * Running on http://127.0.0.1:5000
2024-07-25 14:39:02,876 - INFO - [33mPress CTRL+C to quit[0m
2024-07-25 14:39:02,880 - INFO -  * Restarting with stat
2024-07-25 14:39:03,149 - WARNING -  * Debugger is active!
2024-07-25 14:39:03,149 - INFO -  * Debugger PIN: 119-650-940
2024-07-25 14:40:17,886 - INFO - 127.0.0.1 - - [25/Jul/2024 14:40:17] "GET / HTTP/1.1" 200 -
2024-07-25 14:40:22,360 - INFO - 127.0.0.1 - - [25/Jul/2024 14:40:22] "GET /visualize HTTP/1.1" 200 -
2024-07-25 14:42:07,741 - INFO -  * Detected change in '/home/baloyi/Desktop/document/Docufy/notice/app.py', reloading
2024-07-25 14:42:07,800 - INFO -  * Restarting with stat
2024-07-25 14:42:08,098 - WARNING -  * Debugger is active!
2024-07-25 14:42:08,098 - INFO -  * Debugger PIN: 119-650-940
2024-07-25 14:42:10,145 - INFO -  * Detected change in '/home/baloyi/Desktop/document/Docufy/notice/app.py', reloading
2024-07-25 14:42:10,216 - INFO -  * Restarting with stat
2024-07-25 14:42:10,501 - WARNING -  * Debugger is active!
2024-07-25 14:42:10,502 - INFO -  * Debugger PIN: 119-650-940
2024-07-25 14:42:13,550 - INFO -  * Detected change in '/home/baloyi/Desktop/document/Docufy/notice/app.py', reloading
2024-07-25 14:42:13,607 - INFO -  * Restarting with stat
2024-07-25 14:42:13,892 - WARNING -  * Debugger is active!
2024-07-25 14:42:13,893 - INFO -  * Debugger PIN: 119-650-940
2024-07-25 14:42:31,057 - INFO -  * Detected change in '/home/baloyi/Desktop/document/Docufy/notice/app.py', reloading
2024-07-25 14:42:31,111 - INFO -  * Restarting with stat
2024-07-25 14:42:31,407 - WARNING -  * Debugger is active!
2024-07-25 14:42:31,407 - INFO -  * Debugger PIN: 119-650-940
2024-07-25 14:42:34,454 - INFO -  * Detected change in '/home/baloyi/Desktop/document/Docufy/notice/app.py', reloading
2024-07-25 14:42:34,509 - INFO -  * Restarting with stat
2024-07-25 14:42:34,784 - WARNING -  * Debugger is active!
2024-07-25 14:42:34,785 - INFO -  * Debugger PIN: 119-650-940
2024-07-25 14:42:36,829 - INFO -  * Detected change in '/home/baloyi/Desktop/document/Docufy/notice/app.py', reloading
2024-07-25 14:42:36,888 - INFO -  * Restarting with stat
2024-07-25 14:42:37,174 - WARNING -  * Debugger is active!
2024-07-25 14:42:37,175 - INFO -  * Debugger PIN: 119-650-940
2024-07-25 14:42:40,224 - INFO -  * Detected change in '/home/baloyi/Desktop/document/Docufy/notice/app.py', reloading
2024-07-25 14:42:40,278 - INFO -  * Restarting with stat
2024-07-25 14:42:40,556 - WARNING -  * Debugger is active!
2024-07-25 14:42:40,557 - INFO -  * Debugger PIN: 119-650-940
2024-07-25 14:42:57,735 - INFO -  * Detected change in '/home/baloyi/Desktop/document/Docufy/notice/app.py', reloading
2024-07-25 14:42:57,789 - INFO -  * Restarting with stat
2024-07-25 14:42:58,064 - WARNING -  * Debugger is active!
2024-07-25 14:42:58,064 - INFO -  * Debugger PIN: 119-650-940
2024-07-25 14:43:00,104 - INFO -  * Detected change in '/home/baloyi/Desktop/document/Docufy/notice/app.py', reloading
2024-07-25 14:43:00,162 - INFO -  * Restarting with stat
2024-07-25 14:43:00,433 - WARNING -  * Debugger is active!
2024-07-25 14:43:00,434 - INFO -  * Debugger PIN: 119-650-940
2024-07-25 14:43:05,500 - INFO -  * Detected change in '/home/baloyi/Desktop/document/Docufy/notice/app.py', reloading
2024-07-25 14:43:05,554 - INFO -  * Restarting with stat
2024-07-25 14:43:05,855 - WARNING -  * Debugger is active!
2024-07-25 14:43:05,855 - INFO -  * Debugger PIN: 119-650-940
2024-07-25 14:43:10,918 - INFO -  * Detected change in '/home/baloyi/Desktop/document/Docufy/notice/app.py', reloading
2024-07-25 14:43:10,979 - INFO -  * Restarting with stat
2024-07-25 14:43:11,273 - WARNING -  * Debugger is active!
2024-07-25 14:43:11,273 - INFO -  * Debugger PIN: 119-650-940
2024-07-25 14:43:12,305 - INFO -  * Detected change in '/home/baloyi/Desktop/document/Docufy/notice/app.py', reloading
2024-07-25 14:43:12,366 - INFO -  * Restarting with stat
2024-07-25 14:43:12,660 - WARNING -  * Debugger is active!
2024-07-25 14:43:12,660 - INFO -  * Debugger PIN: 119-650-940
2024-07-25 14:43:16,716 - INFO -  * Detected change in '/home/baloyi/Desktop/document/Docufy/notice/app.py', reloading
2024-07-25 14:43:16,772 - INFO -  * Restarting with stat
2024-07-25 14:43:17,047 - WARNING -  * Debugger is active!
2024-07-25 14:43:17,047 - INFO -  * Debugger PIN: 119-650-940
2024-07-25 14:43:21,101 - INFO -  * Detected change in '/home/baloyi/Desktop/document/Docufy/notice/app.py', reloading
2024-07-25 14:43:21,157 - INFO -  * Restarting with stat
2024-07-25 14:43:21,453 - WARNING -  * Debugger is active!
2024-07-25 14:43:21,454 - INFO -  * Debugger PIN: 119-650-940
2024-07-25 14:43:32,993 - INFO - 127.0.0.1 - - [25/Jul/2024 14:43:32] "GET / HTTP/1.1" 200 -
2024-07-25 14:43:36,527 - INFO - Info viewing submitted successfully
2024-07-25 14:43:36,541 - INFO - 127.0.0.1 - - [25/Jul/2024 14:43:36] "GET /visualize HTTP/1.1" 200 -
2024-07-25 14:44:12,920 - INFO -  * Detected change in '/home/baloyi/Desktop/document/Docufy/notice/app.py', reloading
2024-07-25 14:44:12,978 - INFO -  * Restarting with stat
2024-07-25 14:44:13,270 - WARNING -  * Debugger is active!
2024-07-25 14:44:13,271 - INFO -  * Debugger PIN: 119-650-940
2024-07-25 14:44:14,303 - INFO -  * Detected change in '/home/baloyi/Desktop/document/Docufy/notice/app.py', reloading
2024-07-25 14:44:14,357 - INFO -  * Restarting with stat
2024-07-25 14:44:14,641 - WARNING -  * Debugger is active!
2024-07-25 14:44:14,641 - INFO -  * Debugger PIN: 119-650-940
2024-07-25 14:44:17,694 - INFO -  * Detected change in '/home/baloyi/Desktop/document/Docufy/notice/app.py', reloading
2024-07-25 14:44:17,751 - INFO -  * Restarting with stat
2024-07-25 14:44:18,025 - WARNING -  * Debugger is active!
2024-07-25 14:44:18,026 - INFO -  * Debugger PIN: 119-650-940
2024-07-25 14:44:19,056 - INFO -  * Detected change in '/home/baloyi/Desktop/document/Docufy/notice/app.py', reloading
2024-07-25 14:44:19,110 - INFO -  * Restarting with stat
2024-07-25 14:44:19,384 - WARNING -  * Debugger is active!
2024-07-25 14:44:19,384 - INFO -  * Debugger PIN: 119-650-940
2024-07-25 14:44:20,416 - INFO -  * Detected change in '/home/baloyi/Desktop/document/Docufy/notice/app.py', reloading
2024-07-25 14:44:20,483 - INFO -  * Restarting with stat
2024-07-25 14:44:20,815 - WARNING -  * Debugger is active!
2024-07-25 14:44:20,816 - INFO -  * Debugger PIN: 119-650-940
2024-07-25 14:44:30,928 - INFO -  * Detected change in '/home/baloyi/Desktop/document/Docufy/notice/app.py', reloading
2024-07-25 14:44:30,982 - INFO -  * Restarting with stat
2024-07-25 14:44:31,289 - WARNING -  * Debugger is active!
2024-07-25 14:44:31,290 - INFO -  * Debugger PIN: 119-650-940
2024-07-25 14:44:33,329 - INFO -  * Detected change in '/home/baloyi/Desktop/document/Docufy/notice/app.py', reloading
2024-07-25 14:44:33,388 - INFO -  * Restarting with stat
2024-07-25 14:45:14,642 - INFO - [31m[1mWARNING: This is a development server. Do not use it in a production deployment. Use a production WSGI server instead.[0m
 * Running on http://127.0.0.1:5000
2024-07-25 14:45:14,643 - INFO - [33mPress CTRL+C to quit[0m
2024-07-25 14:45:14,646 - INFO -  * Restarting with stat
2024-07-25 14:45:14,913 - WARNING -  * Debugger is active!
2024-07-25 14:45:14,914 - INFO -  * Debugger PIN: 119-650-940
2024-07-25 14:45:19,510 - INFO - 127.0.0.1 - - [25/Jul/2024 14:45:19] "GET / HTTP/1.1" 200 -
2024-07-25 14:46:59,975 - INFO - Form submitted successfully
2024-07-25 14:46:59,975 - INFO - 127.0.0.1 - - [25/Jul/2024 14:46:59] "[32mPOST /submit_form HTTP/1.1[0m" 302 -
2024-07-25 14:46:59,979 - INFO - 127.0.0.1 - - [25/Jul/2024 14:46:59] "GET / HTTP/1.1" 200 -
2024-07-25 14:47:14,755 - INFO - Connected to database successfully
2024-07-25 14:47:14,756 - INFO - Info viewing submitted successfully
2024-07-25 14:47:14,768 - INFO - 127.0.0.1 - - [25/Jul/2024 14:47:14] "GET /visualize HTTP/1.1" 200 -
